<?xml version="1.0" encoding="UTF-8"?>
<!-- Generated by org.testng.reporters.JUnitXMLReporter -->
<testsuite ignored="1" hostname="DESKTOP-MI1OH4F" failures="0" tests="10" name="OrangeHRM Test" time="75.763" errors="0" timestamp="2022-11-25T15:02:12 IST">
  <testcase classname="testcases.LoginTest" name="validatelogin" time="12.318"/>
  <testcase classname="testcases.LoginTest" name="validateTitle" time="0.679"/>
  <testcase classname="testcases.LoginTest" name="validateLogout" time="3.632"/>
  <testcase classname="testcases.LoginTest" name="validateInvalidUsernameLogin" time="2.718"/>
  <testcase classname="testcases.LoginTest" name="validateInvalidPasswordLogin" time="3.311"/>
  <testcase classname="testcases.LoginTest" name="validateInvalidUnameAndPwordLogin" time="2.699"/>
  <testcase classname="testcases.LoginTest" name="validatelogin1" time="0.768"/>
  <testcase classname="testcases.DashbordTest" name="validateAdminTab" time="34.552"/>
  <testcase classname="testcases.DashbordTest" name="validatePimTab" time="3.977"/>
  <testcase classname="testcases.DashbordTest" name="validateLeaveTab" time="3.495"/>
  <testcase classname="testcases.BaseTest" name="@BeforeSuite initBrowser" time="0.0">
    <ignored/>
  </testcase> <!-- @BeforeSuite initBrowser -->
</testsuite> <!-- OrangeHRM Test -->
