<?xml version="1.0" encoding="UTF-8"?>
<!-- Generated by org.testng.reporters.JUnitXMLReporter -->
<testsuite ignored="1" hostname="DESKTOP-MI1OH4F" failures="0" tests="9" name="OrangeHRM Test" time="40.554" errors="0" timestamp="2022-11-23T00:11:57 IST">
  <testcase classname="testcases.LoginTest" name="validatelogin" time="4.67"/>
  <testcase classname="testcases.LoginTest" name="validateTitle" time="1.297"/>
  <testcase classname="testcases.LoginTest" name="validateLogout" time="4.996"/>
  <testcase classname="testcases.LoginTest" name="validateInvalidUsernameLogin" time="3.261"/>
  <testcase classname="testcases.LoginTest" name="validateInvalidPasswordLogin" time="3.224"/>
  <testcase classname="testcases.LoginTest" name="validateInvalidUnameAndPwordLogin" time="2.848"/>
  <testcase classname="testcases.LoginTest" name="validatelogin1" time="1.023"/>
  <testcase classname="testcases.DashbordTest" name="validateAdminTab" time="17.362"/>
  <testcase classname="testcases.DashbordTest" name="validatePimTab" time="1.579"/>
  <testcase classname="testcases.BaseTest" name="@BeforeSuite initBrowser" time="0.0">
    <ignored/>
  </testcase> <!-- @BeforeSuite initBrowser -->
</testsuite> <!-- OrangeHRM Test -->
