<?xml version="1.0" encoding="UTF-8"?>
<testng-results ignored="1" total="11" passed="10" failed="0" skipped="0">
  <reporter-output>
  </reporter-output>
  <suite started-at="2022-11-23T15:25:16 IST" name="Suite" finished-at="2022-11-23T15:26:23 IST" duration-ms="67044">
    <groups>
    </groups>
    <test started-at="2022-11-23T15:25:16 IST" name="OrangeHRM Test" finished-at="2022-11-23T15:26:23 IST" duration-ms="67044">
      <class name="testcases.LoginTest">
        <test-method is-config="true" signature="initBrowser()[pri:0, instance:testcases.LoginTest@5d99c6b5]" started-at="2022-11-23T15:24:45 IST" name="initBrowser" finished-at="2022-11-23T15:25:16 IST" duration-ms="30552" status="PASS">
          <reporter-output>
          </reporter-output>
        </test-method> <!-- initBrowser -->
        <test-method is-config="true" signature="createobject()[pri:0, instance:testcases.LoginTest@5d99c6b5]" started-at="2022-11-23T15:25:16 IST" name="createobject" finished-at="2022-11-23T15:25:16 IST" duration-ms="147" status="PASS">
          <reporter-output>
          </reporter-output>
        </test-method> <!-- createobject -->
        <test-method signature="validatelogin()[pri:1, instance:testcases.LoginTest@5d99c6b5]" started-at="2022-11-23T15:25:16 IST" name="validatelogin" finished-at="2022-11-23T15:25:25 IST" duration-ms="8776" status="PASS">
          <reporter-output>
          </reporter-output>
        </test-method> <!-- validatelogin -->
        <test-method signature="validateTitle()[pri:2, instance:testcases.LoginTest@5d99c6b5]" started-at="2022-11-23T15:25:25 IST" name="validateTitle" finished-at="2022-11-23T15:25:30 IST" duration-ms="5187" status="PASS">
          <reporter-output>
          </reporter-output>
        </test-method> <!-- validateTitle -->
        <test-method signature="validateLogout()[pri:3, instance:testcases.LoginTest@5d99c6b5]" started-at="2022-11-23T15:25:30 IST" name="validateLogout" finished-at="2022-11-23T15:25:35 IST" duration-ms="4883" status="PASS">
          <reporter-output>
          </reporter-output>
        </test-method> <!-- validateLogout -->
        <test-method signature="validateInvalidUsernameLogin()[pri:4, instance:testcases.LoginTest@5d99c6b5]" started-at="2022-11-23T15:25:35 IST" name="validateInvalidUsernameLogin" finished-at="2022-11-23T15:25:38 IST" duration-ms="3191" status="PASS">
          <reporter-output>
          </reporter-output>
        </test-method> <!-- validateInvalidUsernameLogin -->
        <test-method signature="validateInvalidPasswordLogin()[pri:5, instance:testcases.LoginTest@5d99c6b5]" started-at="2022-11-23T15:25:38 IST" name="validateInvalidPasswordLogin" finished-at="2022-11-23T15:25:42 IST" duration-ms="3900" status="PASS">
          <reporter-output>
          </reporter-output>
        </test-method> <!-- validateInvalidPasswordLogin -->
        <test-method signature="validateInvalidUnameAndPwordLogin()[pri:6, instance:testcases.LoginTest@5d99c6b5]" started-at="2022-11-23T15:25:42 IST" name="validateInvalidUnameAndPwordLogin" finished-at="2022-11-23T15:25:46 IST" duration-ms="3273" status="PASS">
          <reporter-output>
          </reporter-output>
        </test-method> <!-- validateInvalidUnameAndPwordLogin -->
        <test-method signature="validatelogin1()[pri:7, instance:testcases.LoginTest@5d99c6b5]" started-at="2022-11-23T15:25:46 IST" name="validatelogin1" finished-at="2022-11-23T15:25:47 IST" duration-ms="1052" status="PASS">
          <reporter-output>
          </reporter-output>
        </test-method> <!-- validatelogin1 -->
      </class> <!-- testcases.LoginTest -->
      <class name="testcases.DashbordTest">
        <test-method is-config="true" signature="createobject()[pri:0, instance:testcases.DashbordTest@28b46423]" started-at="2022-11-23T15:25:47 IST" name="createobject" finished-at="2022-11-23T15:25:47 IST" duration-ms="4" status="PASS">
          <reporter-output>
          </reporter-output>
        </test-method> <!-- createobject -->
        <test-method signature="validateAdminTab()[pri:7, instance:testcases.DashbordTest@28b46423]" started-at="2022-11-23T15:25:47 IST" name="validateAdminTab" finished-at="2022-11-23T15:26:16 IST" duration-ms="29580" status="PASS">
          <reporter-output>
          </reporter-output>
        </test-method> <!-- validateAdminTab -->
        <test-method signature="validatePimTab()[pri:8, instance:testcases.DashbordTest@28b46423]" started-at="2022-11-23T15:26:16 IST" name="validatePimTab" finished-at="2022-11-23T15:26:20 IST" duration-ms="3745" status="PASS">
          <reporter-output>
          </reporter-output>
        </test-method> <!-- validatePimTab -->
        <test-method signature="validateLeaveTab()[pri:9, instance:testcases.DashbordTest@28b46423]" started-at="2022-11-23T15:26:20 IST" name="validateLeaveTab" finished-at="2022-11-23T15:26:23 IST" duration-ms="3017" status="PASS">
          <reporter-output>
          </reporter-output>
        </test-method> <!-- validateLeaveTab -->
      </class> <!-- testcases.DashbordTest -->
    </test> <!-- OrangeHRM Test -->
  </suite> <!-- Suite -->
</testng-results>
