<?xml version="1.0" encoding="UTF-8"?>
<testng-results ignored="1" total="11" passed="10" failed="0" skipped="0">
  <reporter-output>
  </reporter-output>
  <suite started-at="2022-11-25T13:18:51 IST" name="Suite" finished-at="2022-11-25T13:21:21 IST" duration-ms="150071">
    <groups>
    </groups>
    <test started-at="2022-11-25T13:18:51 IST" name="OrangeHRM Test" finished-at="2022-11-25T13:21:21 IST" duration-ms="150071">
      <class name="testcases.LoginTest">
        <test-method is-config="true" signature="initBrowser()[pri:0, instance:testcases.LoginTest@5d99c6b5]" started-at="2022-11-25T13:17:53 IST" name="initBrowser" finished-at="2022-11-25T13:18:51 IST" duration-ms="58091" status="PASS">
          <reporter-output>
          </reporter-output>
        </test-method> <!-- initBrowser -->
        <test-method is-config="true" signature="createobject()[pri:0, instance:testcases.LoginTest@5d99c6b5]" started-at="2022-11-25T13:18:51 IST" name="createobject" finished-at="2022-11-25T13:18:52 IST" duration-ms="358" status="PASS">
          <reporter-output>
          </reporter-output>
        </test-method> <!-- createobject -->
        <test-method signature="validatelogin()[pri:1, instance:testcases.LoginTest@5d99c6b5]" started-at="2022-11-25T13:18:52 IST" name="validatelogin" finished-at="2022-11-25T13:18:59 IST" duration-ms="7272" status="PASS">
          <reporter-output>
          </reporter-output>
        </test-method> <!-- validatelogin -->
        <test-method signature="validateTitle()[pri:2, instance:testcases.LoginTest@5d99c6b5]" started-at="2022-11-25T13:18:59 IST" name="validateTitle" finished-at="2022-11-25T13:19:03 IST" duration-ms="3546" status="PASS">
          <reporter-output>
          </reporter-output>
        </test-method> <!-- validateTitle -->
        <test-method signature="validateLogout()[pri:3, instance:testcases.LoginTest@5d99c6b5]" started-at="2022-11-25T13:19:03 IST" name="validateLogout" finished-at="2022-11-25T13:19:10 IST" duration-ms="7526" status="PASS">
          <reporter-output>
          </reporter-output>
        </test-method> <!-- validateLogout -->
        <test-method signature="validateInvalidUsernameLogin()[pri:4, instance:testcases.LoginTest@5d99c6b5]" started-at="2022-11-25T13:19:10 IST" name="validateInvalidUsernameLogin" finished-at="2022-11-25T13:19:22 IST" duration-ms="11604" status="PASS">
          <reporter-output>
          </reporter-output>
        </test-method> <!-- validateInvalidUsernameLogin -->
        <test-method signature="validateInvalidPasswordLogin()[pri:5, instance:testcases.LoginTest@5d99c6b5]" started-at="2022-11-25T13:19:22 IST" name="validateInvalidPasswordLogin" finished-at="2022-11-25T13:19:28 IST" duration-ms="6061" status="PASS">
          <reporter-output>
          </reporter-output>
        </test-method> <!-- validateInvalidPasswordLogin -->
        <test-method signature="validateInvalidUnameAndPwordLogin()[pri:6, instance:testcases.LoginTest@5d99c6b5]" started-at="2022-11-25T13:19:28 IST" name="validateInvalidUnameAndPwordLogin" finished-at="2022-11-25T13:19:34 IST" duration-ms="6242" status="PASS">
          <reporter-output>
          </reporter-output>
        </test-method> <!-- validateInvalidUnameAndPwordLogin -->
        <test-method signature="validatelogin1()[pri:7, instance:testcases.LoginTest@5d99c6b5]" started-at="2022-11-25T13:19:34 IST" name="validatelogin1" finished-at="2022-11-25T13:19:40 IST" duration-ms="5794" status="PASS">
          <reporter-output>
          </reporter-output>
        </test-method> <!-- validatelogin1 -->
      </class> <!-- testcases.LoginTest -->
      <class name="testcases.DashbordTest">
        <test-method is-config="true" signature="createobject()[pri:0, instance:testcases.DashbordTest@28b46423]" started-at="2022-11-25T13:19:40 IST" name="createobject" finished-at="2022-11-25T13:19:40 IST" duration-ms="3" status="PASS">
          <reporter-output>
          </reporter-output>
        </test-method> <!-- createobject -->
        <test-method signature="validateAdminTab()[pri:7, instance:testcases.DashbordTest@28b46423]" started-at="2022-11-25T13:19:40 IST" name="validateAdminTab" finished-at="2022-11-25T13:20:59 IST" duration-ms="79083" status="PASS">
          <reporter-output>
          </reporter-output>
        </test-method> <!-- validateAdminTab -->
        <test-method signature="validatePimTab()[pri:8, instance:testcases.DashbordTest@28b46423]" started-at="2022-11-25T13:20:59 IST" name="validatePimTab" finished-at="2022-11-25T13:21:09 IST" duration-ms="9804" status="PASS">
          <reporter-output>
          </reporter-output>
        </test-method> <!-- validatePimTab -->
        <test-method signature="validateLeaveTab()[pri:9, instance:testcases.DashbordTest@28b46423]" started-at="2022-11-25T13:21:09 IST" name="validateLeaveTab" finished-at="2022-11-25T13:21:21 IST" duration-ms="12351" status="PASS">
          <reporter-output>
          </reporter-output>
        </test-method> <!-- validateLeaveTab -->
      </class> <!-- testcases.DashbordTest -->
    </test> <!-- OrangeHRM Test -->
  </suite> <!-- Suite -->
</testng-results>
